     1                                  [org 0x0100]
     2                                  
     3 00000000 EB10                    jmp start
     4 00000002 4323434514323412        num1: dq 0x1234321445432343
     5 0000000A 0123002100011200        num2: dq 0x0012010021002301
     6                                  
     7                                  start:
     8 00000012 A1[0200]                mov ax, [num1]
     9 00000015 8B1E[0400]              mov bx, [num1 + 2]
    10 00000019 8B0E[0600]              mov cx, [num1 + 4]
    11 0000001D 8B16[0800]              mov dx, [num1 + 6]
    12                                  
    13 00000021 8B3E[0A00]              mov di, [num2]
    14 00000025 8B36[0C00]              mov si, [num2 + 2]
    15 00000029 8B26[0E00]              mov sp, [num2 + 4]
    16 0000002D 8B2E[1000]              mov bp, [num2 + 6]
    17                                  
    18 00000031 11F8                    adc ax, di
    19 00000033 11F3                    adc bx, si
    20 00000035 11E1                    adc cx, sp
    21 00000037 11EA                    adc dx, bp
    22                                  
    23 00000039 B8004C                  mov ax,0x4c00
    24 0000003C CD21                    int 0x21
