     1                                  [org 0x0100]
     2 00000000 E9C200                  jmp start
     3 00000003 2A                      message: db '*'
     4 00000004 0100                    length: dw 1
     5 00000006 06                      clrscr: push es
     6 00000007 50                      push ax
     7 00000008 57                      push di
     8                                  
     9 00000009 B800B8                  mov ax, 0xb800
    10 0000000C 8EC0                    mov es, ax
    11 0000000E BF0000                  mov di, 0
    12                                  
    13 00000011 26C7052007              nextloc: mov word [es:di], 0x0720
    14 00000016 83C702                  add di, 2
    15 00000019 81FFA00F                cmp di, 4000
    16 0000001D 75F2                    jne nextloc
    17                                  
    18 0000001F 5F                      pop di
    19 00000020 58                      pop ax
    20 00000021 07                      pop es
    21 00000022 C3                      ret
    22                                  delay:
    23 00000023 55                      push bp
    24 00000024 89E5                    mov bp,sp
    25 00000026 51                      push cx
    26 00000027 B9FFFF                  mov cx,0xffff
    27                                  delay1:
    28 0000002A E2FE                    loop delay1
    29 0000002C 59                      pop cx
    30 0000002D 5D                      pop bp
    31 0000002E C3                      ret
    32 0000002F 55                      printstr: push bp
    33 00000030 89E5                    mov bp, sp
    34 00000032 06                      push es
    35 00000033 50                      push ax
    36 00000034 51                      push cx
    37 00000035 56                      push si
    38 00000036 57                      push di
    39                                  
    40 00000037 B800B8                  mov ax, 0xb800
    41 0000003A 8EC0                    mov es, ax
    42 0000003C BF0000                  mov di, 0
    43                                  
    44 0000003F 8B7606                  mov si, [bp+6]
    45 00000042 8B4E04                  mov cx, [bp+4]
    46 00000045 B407                    mov ah, 0x07
    47 00000047 B08F                    mov al,0x8F
    48                                  
    49 00000049 8A04                    nextchar: mov al, [si]
    50 0000004B 268905                  mov [es:di], ax
    51 0000004E 83C702                  add di, 2
    52 00000051 83C601                  add si, 1
    53 00000054 E2F3                    loop nextchar
    54 00000056 B95000                  mov cx,0x50
    55 00000059 BF0000                  mov di,0
    56 0000005C BE0000                  mov si,0
    57                                   
    58                                  infinite:
    59 0000005F BF0000                  mov di, 0
    60 00000062 B95000                  mov cx, 0x50
    61                                  
    62                                  movLefttoRight:
    63 00000065 E89EFF                  call clrscr
    64 00000068 268905                  mov [es:di], ax
    65 0000006B 83C702                  add di,2
    66 0000006E E8B2FF                  call delay
    67 00000071 E8AFFF                  call delay
    68 00000074 E2EF                    loop movLefttoRight 
    69                                  
    70 00000076 B91800                  mov cx,0x18
    71 00000079 BF3E01                  mov di,318
    72                                  
    73                                  toptobottom:
    74 0000007C E887FF                  call clrscr
    75 0000007F 268905                  mov [es:di], ax
    76 00000082 81C7A000                add di,160
    77 00000086 E89AFF                  call delay
    78 00000089 E897FF                  call delay
    79 0000008C E2EE                    loop toptobottom
    80                                  
    81 0000008E B95000                  mov cx,0x50
    82 00000091 BFA00F                  mov di,4000
    83                                  
    84                                  righttoleft:
    85 00000094 E86FFF                  call clrscr
    86 00000097 268905                  mov [es:di], ax
    87 0000009A 83EF02                  sub di,2
    88 0000009D E883FF                  call delay
    89 000000A0 E880FF                  call delay
    90 000000A3 E2EF                    loop righttoleft
    91                                  
    92 000000A5 B91800                  mov cx, 0x18
    93                                  bottomtotop:
    94 000000A8 E85BFF                  call clrscr
    95 000000AB 268905                  mov [es:di], ax
    96 000000AE 81EFA000                sub di,160
    97 000000B2 E86EFF                  call delay
    98 000000B5 E86BFF                  call delay
    99 000000B8 E2EE                    loop bottomtotop
   100                                  
   101 000000BA EBA3                    jmp infinite
   102                                  
   103                                  
   104 000000BC 5F                      pop di
   105 000000BD 5E                      pop si
   106 000000BE 59                      pop cx
   107 000000BF 58                      pop ax
   108 000000C0 07                      pop es
   109 000000C1 5D                      pop bp
   110 000000C2 C20400                  ret 4
   111 000000C5 E83EFF                  start: call clrscr
   112 000000C8 B8[0300]                mov ax, message
   113 000000CB 50                      push ax
   114 000000CC FF36[0400]              push word [length]
   115 000000D0 E85CFF                  call printstr
   116 000000D3 B8004C                  mov ax, 0x4c00
   117 000000D6 CD21                    int 0x21
