     1                                  [org 0x0100]
     2                                  
     3 00000000 B90A00                  mov cx, 10         
     4 00000003 BE0000                  mov si, 0        
     5 00000006 BF0200                  mov di, 2       
     6                                  
     7                                  elimination:
     8 00000009 BA0000                      mov dx, 0
     9 0000000C 8994[5C00]                  mov [array + si], dx
    10 00000010 EB0C                        jmp aftereliminate
    11                                  
    12                                  loop:
    13 00000012 8B84[5C00]                  mov ax, [array + si] 
    14 00000016 8B9D[5C00]                  mov bx, [array + di]  
    15 0000001A 39D8                        cmp ax, bx             
    16 0000001C 74EB                        je elimination        
    17                                  aftereliminate:
    18 0000001E 83C602                      add si, 2             
    19 00000021 83C702                      add di, 2            
    20 00000024 83E901                      sub cx, 1              
    21 00000027 75E9                        jnz loop              
    22                                  
    23 00000029 B90A00                  mov cx, 10         
    24 0000002C BE0000                  mov si, 0         
    25 0000002F BF0000                  mov di, 0         
    26                                  zero_pointer:
    27 00000032 8B84[5C00]                  mov ax, [array + si]  
    28 00000036 83F800                      cmp ax, 0              
    29 00000039 7407                        je next_element        
    30 0000003B 8985[5C00]                  mov [array + di], ax   
    31 0000003F 83C702                      add di, 2              
    32                                  next_element:
    33 00000042 83C602                      add si, 2              
    34 00000045 E2EB                        loop zero_pointer      
    35                                  
    36                                  fill_zeros:
    37 00000047 83FF14                      cmp di, 20             
    38 0000004A 740B                        je done                
    39 0000004C C785[5C00]0000              mov word [array + di], 0 
    40 00000052 83C702                      add di, 2             
    41 00000055 EBF0                        jmp fill_zeros        
    42                                  
    43                                  done:
    44 00000057 B8004C                      mov ax, 0x4c00        
    45 0000005A CD21                        int 0x21
    46                                  
    47 0000005C 020002000200030004-     array: dw 2, 2, 2, 3, 4, 4, 5, 5, 5, 6
    47 00000065 000400050005000500-
    47 0000006E 0600               
