     1                                  [org 0x0100]
     2                                  
     3 00000000 BF0000                  mov di, 0
     4 00000003 BE0A00                  mov si, 10	
     5 00000006 B90600                  mov cx, 6				
     6                                  
     7 00000009 8B84[2100]              l1:		mov ax, [arr1 + si]	
     8 0000000D 8985[2D00]              		mov [arr2 + di], ax;
     9 00000011 83C702                  		add di, 2
    10 00000014 83EE02                  		sub si, 2
    11 00000017 83E901                  		sub cx, 1		
    12 0000001A 75ED                    		jnz l1			
    13                                  						
    14                                  
    15 0000001C B8004C                  mov ax, 0x4c00		
    16 0000001F CD21                    int 0x21
    17                                  
    18 00000021 010002000300040005-     arr1:	dw 1, 2, 3, 4, 5, 6
    18 0000002A 000600             
    19 0000002D 000000000000000000-     arr2:   dw 0, 0, 0, 0, 0, 0
    19 00000036 000000             
